<?xml version="1.0" encoding="UTF-8"?>
<testsuite xmlns:xsi="http://www.w3.org/2001/XMLSchema-instance" xsi:noNamespaceSchemaLocation="https://maven.apache.org/surefire/maven-surefire-plugin/xsd/surefire-test-report-3.0.xsd" version="3.0" name="com.ashokit.ContactManagerTest" time="1.351" tests="22" errors="0" skipped="1" failures="0">
  <properties>
[...]
</properties>
  <testcase name="shouldTestPhoneNumberFormatUsingMethodSource(String)[1]" classname="com.ashokit.ContactManagerTest" time="0.348">
    <system-out><![CDATA[Instantiating Contact Manager
Should Execute After Each Test
]]></system-out>
  </testcase>
  <testcase name="shouldTestPhoneNumberFormatUsingMethodSource(String)[2]" classname="com.ashokit.ContactManagerTest" time="0.007">
    <system-out><![CDATA[Instantiating Contact Manager
Should Execute After Each Test
]]></system-out>
  </testcase>
  <testcase name="shouldTestPhoneNumberFormatUsingMethodSource(String)[3]" classname="com.ashokit.ContactManagerTest" time="0.008">
    <system-out><![CDATA[Instantiating Contact Manager
Should Execute After Each Test
]]></system-out>
  </testcase>
  <testcase name="shouldBeDisabled" classname="com.ashokit.ContactManagerTest" time="0.0">
    <skipped message="public void com.ashokit.ContactManagerTest.shouldBeDisabled() is @Disabled"/>
  </testcase>
  <testcase name="shouldTestPhoneNumberFormatUsingCSVFileSource(String)[1]" classname="com.ashokit.ContactManagerTest" time="0.011">
    <system-out><![CDATA[Instantiating Contact Manager
Should Execute After Each Test
]]></system-out>
  </testcase>
  <testcase name="shouldTestContactCreationRepeatedly" classname="com.ashokit.ContactManagerTest" time="0.005">
    <system-out><![CDATA[Instantiating Contact Manager
Should Execute After Each Test
]]></system-out>
  </testcase>
  <testcase name="shouldTestContactCreationRepeatedly" classname="com.ashokit.ContactManagerTest" time="0.004">
    <system-out><![CDATA[Instantiating Contact Manager
Should Execute After Each Test
]]></system-out>
  </testcase>
  <testcase name="shouldTestContactCreationRepeatedly" classname="com.ashokit.ContactManagerTest" time="0.007">
    <system-out><![CDATA[Instantiating Contact Manager
Should Execute After Each Test
]]></system-out>
  </testcase>
  <testcase name="shouldTestContactCreationRepeatedly" classname="com.ashokit.ContactManagerTest" time="0.002">
    <system-out><![CDATA[Instantiating Contact Manager
Should Execute After Each Test
]]></system-out>
  </testcase>
  <testcase name="shouldTestContactCreationRepeatedly" classname="com.ashokit.ContactManagerTest" time="0.004">
    <system-out><![CDATA[Instantiating Contact Manager
Should Execute After Each Test
]]></system-out>
  </testcase>
  <testcase name="shouldThrowRuntimeExceptionWhenPhoneNumberIsNull" classname="com.ashokit.ContactManagerTest" time="0.013">
    <system-out><![CDATA[Instantiating Contact Manager
Should Execute After Each Test
]]></system-out>
  </testcase>
  <testcase name="shouldTestPhoneNumberFormat" classname="com.ashokit.ContactManagerTest" time="0.008">
    <system-out><![CDATA[Instantiating Contact Manager
Should Execute After Each Test
]]></system-out>
  </testcase>
  <testcase name="shouldTestPhoneNumberFormatUsingValueSource(String)[1]" classname="com.ashokit.ContactManagerTest" time="0.007">
    <system-out><![CDATA[Instantiating Contact Manager
Should Execute After Each Test
]]></system-out>
  </testcase>
  <testcase name="shouldTestPhoneNumberFormatUsingValueSource(String)[2]" classname="com.ashokit.ContactManagerTest" time="0.002">
    <system-out><![CDATA[Instantiating Contact Manager
Should Execute After Each Test
]]></system-out>
  </testcase>
  <testcase name="shouldTestPhoneNumberFormatUsingValueSource(String)[3]" classname="com.ashokit.ContactManagerTest" time="0.007">
    <system-out><![CDATA[Instantiating Contact Manager
Should Execute After Each Test
]]></system-out>
  </testcase>
  <testcase name="shouldTestPhoneNumberFormatUsingCSVSource(String)[1]" classname="com.ashokit.ContactManagerTest" time="0.005">
    <system-out><![CDATA[Instantiating Contact Manager
Should Execute After Each Test
]]></system-out>
  </testcase>
  <testcase name="shouldTestPhoneNumberFormatUsingCSVSource(String)[2]" classname="com.ashokit.ContactManagerTest" time="0.01">
    <system-out><![CDATA[Instantiating Contact Manager
Should Execute After Each Test
]]></system-out>
  </testcase>
  <testcase name="shouldTestPhoneNumberFormatUsingCSVSource(String)[3]" classname="com.ashokit.ContactManagerTest" time="0.004">
    <system-out><![CDATA[Instantiating Contact Manager
Should Execute After Each Test
]]></system-out>
  </testcase>
  <testcase name="shouldThrowRuntimeExceptionWhenFirstNameIsNull" classname="com.ashokit.ContactManagerTest" time="0.004">
    <system-out><![CDATA[Instantiating Contact Manager
Should Execute After Each Test
]]></system-out>
  </testcase>
  <testcase name="shouldThrowRuntimeExceptionWhenLastNameIsNull" classname="com.ashokit.ContactManagerTest" time="0.023">
    <system-out><![CDATA[Instantiating Contact Manager
Should Execute After Each Test
]]></system-out>
  </testcase>
  <testcase name="shouldThrowRuntimeExceptionWhenContactIsAlreadyExisted" classname="com.ashokit.ContactManagerTest" time="0.006">
    <system-out><![CDATA[Instantiating Contact Manager
Should Execute After Each Test
]]></system-out>
  </testcase>
  <testcase name="shouldCreateContact" classname="com.ashokit.ContactManagerTest" time="0.009">
    <system-out><![CDATA[Instantiating Contact Manager
Should Execute After Each Test
]]></system-out>
  </testcase>
</testsuite>